#
# A fatal error has been detected by the Java Runtime Environment:
#
#  EXCEPTION_ACCESS_VIOLATION (0xc0000005) at pc=0x00007ffdbcbb2a8f, pid=11432, tid=3052
#
# JRE version: OpenJDK Runtime Environment Temurin-11.0.12+7 (11.0.12+7) (build 11.0.12+7)
# Java VM: OpenJDK 64-Bit Server VM Temurin-11.0.12+7 (11.0.12+7, mixed mode, tiered, compressed oops, parallel gc, windows-amd64)
# Problematic frame:
# V  [jvm.dll+0x372a8f]
#
# No core dump will be written. Minidumps are not enabled by default on client versions of Windows
#
# If you would like to submit a bug report, please visit:
#   https://github.com/adoptium/adoptium-support/issues
#

---------------  S U M M A R Y ------------

Command Line: --add-modules=ALL-SYSTEM --add-opens=java.base/java.util=ALL-UNNAMED --add-opens=java.base/java.lang=ALL-UNNAMED -Declipse.application=org.eclipse.jdt.ls.core.id1 -Dosgi.bundles.defaultStartLevel=4 -Declipse.product=org.eclipse.jdt.ls.core.product -Dfile.encoding=utf8 -DwatchParentProcess=false -XX:+UseParallelGC -XX:GCTimeRatio=4 -XX:AdaptiveSizePolicyWeight=90 -Dsun.zip.disableMemoryMapping=true -Xmx1G -Xms100m -javaagent:c:\Users\AD-008\.vscode\extensions\gabrielbb.vscode-lombok-1.0.1\server\lombok.jar -Xverify:none c:\Users\AD-008\.vscode\extensions\redhat.java-1.0.0\server\plugins\org.eclipse.equinox.launcher_1.6.400.v20210924-0641.jar -configuration c:\Users\AD-008\AppData\Roaming\Code\User\globalStorage\redhat.java\1.0.0\config_ss_win -data c:\Users\AD-008\AppData\Roaming\Code\User\workspaceStorage\1e3d098e3169d813647b58a42eea9fee\redhat.java\ss_ws

Host: Intel(R) Core(TM) i7-4600U CPU @ 2.10GHz, 4 cores, 7G,  Windows 10 , 64 bit Build 19041 (10.0.19041.1348)
Time: Thu Nov 25 11:51:05 2021 Sri Lanka Standard Time elapsed time: 9.811213 seconds (0d 0h 0m 9s)

---------------  T H R E A D  ---------------

Current thread (0x0000015efbfcd800):  JavaThread "pool-1-thread-1" [_thread_in_vm, id=3052, stack(0x00000049b6500000,0x00000049b6600000)]

Stack: [0x00000049b6500000,0x00000049b6600000],  sp=0x00000049b65fd550,  free space=1013k
Native frames: (J=compiled Java code, j=interpreted, Vv=VM code, C=native code)
V  [jvm.dll+0x372a8f]
C  0x0000015e8000dd6d

Java frames: (J=compiled Java code, j=interpreted, Vv=VM code)
j  org.eclipse.jdt.internal.compiler.parser.Scanner.getNextToken0()I+93
j  org.eclipse.jdt.internal.compiler.parser.Scanner.getNextToken()I+47
j  org.eclipse.jdt.internal.compiler.parser.Parser.fetchNextToken()I+4
j  org.eclipse.jdt.internal.compiler.parser.Parser.parse()V+329
j  org.eclipse.jdt.internal.compiler.parser.Parser.parse(Lorg/eclipse/jdt/internal/compiler/env/ICompilationUnit;Lorg/eclipse/jdt/internal/compiler/CompilationResult;II)Lorg/eclipse/jdt/internal/compiler/ast/CompilationUnitDeclaration;+178
j  org.eclipse.jdt.internal.compiler.parser.Parser.parse(Lorg/eclipse/jdt/internal/compiler/env/ICompilationUnit;Lorg/eclipse/jdt/internal/compiler/CompilationResult;)Lorg/eclipse/jdt/internal/compiler/ast/CompilationUnitDeclaration;+5
j  org.eclipse.jdt.internal.compiler.SourceElementParser.parseCompilationUnit(Lorg/eclipse/jdt/internal/compiler/env/ICompilationUnit;ZLorg/eclipse/core/runtime/IProgressMonitor;)Lorg/eclipse/jdt/internal/compiler/ast/CompilationUnitDeclaration;+53
j  org.eclipse.jdt.internal.core.CompilationUnit.buildStructure(Lorg/eclipse/jdt/internal/core/OpenableElementInfo;Lorg/eclipse/core/runtime/IProgressMonitor;Ljava/util/Map;Lorg/eclipse/core/resources/IResource;)Z+523
J 3225 c1 org.eclipse.jdt.internal.core.Openable.generateInfos(Ljava/lang/Object;Ljava/util/HashMap;Lorg/eclipse/core/runtime/IProgressMonitor;)V (281 bytes) @ 0x0000015e80c0233c [0x0000015e80c00d20+0x000000000000161c]
J 3236 c1 org.eclipse.jdt.internal.core.JavaElement.openWhenClosed(Ljava/lang/Object;ZLorg/eclipse/core/runtime/IProgressMonitor;)Ljava/lang/Object; (169 bytes) @ 0x0000015e80c04674 [0x0000015e80c03fc0+0x00000000000006b4]
j  org.eclipse.jdt.internal.core.BecomeWorkingCopyOperation.executeOperation()V+29
j  org.eclipse.jdt.internal.core.JavaModelOperation.run(Lorg/eclipse/core/runtime/IProgressMonitor;)V+55
j  org.eclipse.jdt.internal.core.JavaModelOperation.runOperation(Lorg/eclipse/core/runtime/IProgressMonitor;)V+32
j  org.eclipse.jdt.internal.core.CompilationUnit.becomeWorkingCopy(Lorg/eclipse/jdt/core/IProblemRequestor;Lorg/eclipse/core/runtime/IProgressMonitor;)V+37
j  org.eclipse.jdt.internal.core.CompilationUnit.becomeWorkingCopy(Lorg/eclipse/core/runtime/IProgressMonitor;)V+23
j  org.eclipse.jdt.ls.core.internal.handlers.BaseDocumentLifeCycleHandler.handleOpen(Lorg/eclipse/lsp4j/DidOpenTextDocumentParams;)Lorg/eclipse/jdt/core/ICompilationUnit;+144
j  org.eclipse.jdt.ls.core.internal.handlers.BaseDocumentLifeCycleHandler$5.run(Lorg/eclipse/core/runtime/IProgressMonitor;)V+8
j  org.eclipse.core.internal.resources.Workspace.run(Lorg/eclipse/core/runtime/ICoreRunnable;Lorg/eclipse/core/runtime/jobs/ISchedulingRule;ILorg/eclipse/core/runtime/IProgressMonitor;)V+69
j  org.eclipse.core.internal.resources.Workspace.run(Lorg/eclipse/core/resources/IWorkspaceRunnable;Lorg/eclipse/core/runtime/jobs/ISchedulingRule;ILorg/eclipse/core/runtime/IProgressMonitor;)V+6
j  org.eclipse.jdt.ls.core.internal.handlers.BaseDocumentLifeCycleHandler.didOpen(Lorg/eclipse/lsp4j/DidOpenTextDocumentParams;)V+59
j  org.eclipse.jdt.ls.core.internal.syntaxserver.SyntaxLanguageServer.didOpen(Lorg/eclipse/lsp4j/DidOpenTextDocumentParams;)V+11
v  ~StubRoutines::call_stub
j  jdk.internal.reflect.NativeMethodAccessorImpl.invoke0(Ljava/lang/reflect/Method;Ljava/lang/Object;[Ljava/lang/Object;)Ljava/lang/Object;+0 java.base@11.0.12
j  jdk.internal.reflect.NativeMethodAccessorImpl.invoke(Ljava/lang/Object;[Ljava/lang/Object;)Ljava/lang/Object;+100 java.base@11.0.12
J 1158 c1 jdk.internal.reflect.DelegatingMethodAccessorImpl.invoke(Ljava/lang/Object;[Ljava/lang/Object;)Ljava/lang/Object; java.base@11.0.12 (10 bytes) @ 0x0000015e8077d93c [0x0000015e8077d840+0x00000000000000fc]
J 1157 c1 java.lang.reflect.Method.invoke(Ljava/lang/Object;[Ljava/lang/Object;)Ljava/lang/Object; java.base@11.0.12 (65 bytes) @ 0x0000015e8077d3cc [0x0000015e8077d0a0+0x000000000000032c]
j  org.eclipse.lsp4j.jsonrpc.services.GenericEndpoint.lambda$null$0(Lorg/eclipse/lsp4j/jsonrpc/services/AnnotationUtil$MethodInfo;Ljava/lang/Object;Ljava/lang/Object;)Ljava/util/concurrent/CompletableFuture;+20
j  org.eclipse.lsp4j.jsonrpc.services.GenericEndpoint$$Lambda$169.apply(Ljava/lang/Object;)Ljava/lang/Object;+13
j  org.eclipse.lsp4j.jsonrpc.services.GenericEndpoint.notify(Ljava/lang/String;Ljava/lang/Object;)V+18
j  org.eclipse.lsp4j.jsonrpc.RemoteEndpoint.handleNotification(Lorg/eclipse/lsp4j/jsonrpc/messages/NotificationMessage;)V+20
j  org.eclipse.lsp4j.jsonrpc.RemoteEndpoint.consume(Lorg/eclipse/lsp4j/jsonrpc/messages/Message;)V+14
j  org.eclipse.lsp4j.jsonrpc.json.StreamMessageProducer.handleMessage(Ljava/io/InputStream;Lorg/eclipse/lsp4j/jsonrpc/json/StreamMessageProducer$Headers;)Z+99
j  org.eclipse.lsp4j.jsonrpc.json.StreamMessageProducer.listen(Lorg/eclipse/lsp4j/jsonrpc/MessageConsumer;)V+158
j  org.eclipse.lsp4j.jsonrpc.json.ConcurrentMessageProcessor.run()V+12
j  java.util.concurrent.Executors$RunnableAdapter.call()Ljava/lang/Object;+4 java.base@11.0.12
j  java.util.concurrent.FutureTask.run()V+39 java.base@11.0.12
j  java.util.concurrent.ThreadPoolExecutor.runWorker(Ljava/util/concurrent/ThreadPoolExecutor$Worker;)V+92 java.base@11.0.12
j  java.util.concurrent.ThreadPoolExecutor$Worker.run()V+5 java.base@11.0.12
j  java.lang.Thread.run()V+11 java.base@11.0.12
v  ~StubRoutines::call_stub

siginfo: EXCEPTION_ACCESS_VIOLATION (0xc0000005), reading address 0x00000000ec25eec4


Register to memory mapping:

RIP=0x00007ffdbcbb2a8f jvm.dll
RAX=0x000000000000000c is an unknown value
RBX=0x00000000ec25eeb8 is an unallocated location in the heap
RCX=0x00000049b65fd590 is pointing into the stack for thread: 0x0000015efbfcd800
RDX=0x00007ffdbd0a8e98 jvm.dll
RSP=0x00000049b65fd550 is pointing into the stack for thread: 0x0000015efbfcd800
RBP=0x0000015efbf8eb40 points into unknown readable memory: 0x0000000000000000 | 00 00 00 00 00 00 00 00
RSI=0x0000015efbfbd1c0 points into unknown readable memory: 0x0a7e050f00000002 | 02 00 00 00 0f 05 7e 0a
RDI=0x0000015efbfcd800 is a thread
R8 =0x0000000000000136 is an unknown value
R9 =0x0000000000000006 is an unknown value
R10=0x0000015efbfc6c00 points into unknown readable memory: 0x0000003c00000005 | 05 00 00 00 3c 00 00 00
R11=0x00000049b65fd540 is pointing into the stack for thread: 0x0000015efbfcd800
R12=0x0000000000000136 is an unknown value
R13=0x00000000000003d8 is an unknown value
R14=0x0000015efbf8eb50 points into unknown readable memory: 0x0000015efc8fbdd4 | d4 bd 8f fc 5e 01 00 00
R15=0x0000015efbf8ef28 points into unknown readable memory: 0x88000e003a27e76d | 6d e7 27 3a 00 0e 00 88


Registers:
RAX=0x000000000000000c, RBX=0x00000000ec25eeb8, RCX=0x00000049b65fd590, RDX=0x00007ffdbd0a8e98
RSP=0x00000049b65fd550, RBP=0x0000015efbf8eb40, RSI=0x0000015efbfbd1c0, RDI=0x0000015efbfcd800
R8 =0x0000000000000136, R9 =0x0000000000000006, R10=0x0000015efbfc6c00, R11=0x00000049b65fd540
R12=0x0000000000000136, R13=0x00000000000003d8, R14=0x0000015efbf8eb50, R15=0x0000015efbf8ef28
RIP=0x00007ffdbcbb2a8f, EFLAGS=0x0000000000010202

Top of Stack: (sp=0x00000049b65fd550)
0x00000049b65fd550:   0000015eff2a8c60 00000000ec25eeb8
0x00000049b65fd560:   000000000000000d 0000015efbfcd800
0x00000049b65fd570:   0000015eff44d1a0 0000015efbfcd800
0x00000049b65fd580:   0000015efbfcd800 0000015efbfcd800
0x00000049b65fd590:   00007ffdbd11bdf0 0000005000000000
0x00000049b65fd5a0:   0000000000000000 0000000000000000
0x00000049b65fd5b0:   0000000000000000 0000000000000000
0x00000049b65fd5c0:   0000000000000000 00000049b65fd5e1
0x00000049b65fd5d0:   0000000000000000 0000000000000030
0x00000049b65fd5e0:   0000000000000000 0000000000000000
0x00000049b65fd5f0:   0000015eff42b78a 0000000000000000
0x00000049b65fd600:   0000015efbfcd800 000000000000007d
0x00000049b65fd610:   000000000000000a 0000000000000135
0x00000049b65fd620:   0000d47f4d886455 00000049b65fd628
0x00000049b65fd630:   0000015efbfcd800 00000049b65fd760
0x00000049b65fd640:   0000015eff2a7c4d 0000000000000000 

Instructions: (pc=0x00007ffdbcbb2a8f)
0x00007ffdbcbb298f:   00 00 00 75 1a 8b 83 d8 00 00 00 c1 e8 1d a8 01
0x00007ffdbcbb299f:   75 0d 8b 83 d8 00 00 00 c1 e8 02 a8 01 74 0a b2
0x00007ffdbcbb29af:   01 48 8b cb e8 a8 7f 3d 00 48 8b 9c 24 80 00 00
0x00007ffdbcbb29bf:   00 48 83 c4 40 41 5f 41 5e 5f 5e 5d c3 cc cc cc
0x00007ffdbcbb29cf:   cc 4c 8b dc 57 48 81 ec 10 01 00 00 48 8b 05 26
0x00007ffdbcbb29df:   e5 6d 00 48 33 c4 48 89 84 24 d0 00 00 00 49 89
0x00007ffdbcbb29ef:   5b 20 48 8b f9 49 89 73 e8 48 8b da 4d 89 63 e0
0x00007ffdbcbb29ff:   ba 03 00 00 00 45 8b e0 48 89 4c 24 30 4c 8b c1
0x00007ffdbcbb2a0f:   c7 81 c0 03 00 00 06 00 00 00 e8 42 da ff ff 48
0x00007ffdbcbb2a1f:   83 7f 08 00 0f 85 ed 00 00 00 48 8b b7 78 02 00
0x00007ffdbcbb2a2f:   00 48 8d 4c 24 40 48 89 ac 24 08 01 00 00 33 d2
0x00007ffdbcbb2a3f:   4c 89 ac 24 f0 00 00 00 4c 89 b4 24 e8 00 00 00
0x00007ffdbcbb2a4f:   48 8b 6e 10 4c 8b 76 18 4c 8b 6e 28 4c 89 bc 24
0x00007ffdbcbb2a5f:   e0 00 00 00 4c 8b 7e 20 e8 b4 fc 28 00 80 3d ee
0x00007ffdbcbb2a6f:   11 71 00 00 48 8d 15 1e 64 4f 00 b9 0c 00 00 00
0x00007ffdbcbb2a7f:   b8 10 00 00 00 0f 45 c1 45 8b c4 48 8d 4c 24 40
0x00007ffdbcbb2a8f:   44 8b 0c 18 e8 f8 13 29 00 48 8b 1d 81 86 74 00
0x00007ffdbcbb2a9f:   48 8d 4c 24 40 e8 37 04 29 00 4c 8b cb 48 89 44
0x00007ffdbcbb2aaf:   24 20 41 b8 bc 01 00 00 48 8d 15 d2 d1 52 00 48
0x00007ffdbcbb2abf:   8b cf e8 3a 7d f5 ff 48 8d 4c 24 40 e8 a0 fd 28
0x00007ffdbcbb2acf:   00 48 83 7d 00 00 74 13 49 8b d5 48 8b ce e8 0e
0x00007ffdbcbb2adf:   ff d4 ff 48 8b cd e8 76 fe d4 ff 4c 8b ac 24 f0
0x00007ffdbcbb2aef:   00 00 00 48 89 6e 10 48 8b ac 24 08 01 00 00 4c
0x00007ffdbcbb2aff:   89 76 18 4c 8b b4 24 e8 00 00 00 4c 89 7e 20 4c
0x00007ffdbcbb2b0f:   8b bc 24 e0 00 00 00 48 8b 9f f0 00 00 00 4c 8b
0x00007ffdbcbb2b1f:   a4 24 f8 00 00 00 48 8b 43 10 48 8b 73 08 48 83
0x00007ffdbcbb2b2f:   38 00 74 19 48 8b 53 28 48 8b ce e8 b1 fe d4 ff
0x00007ffdbcbb2b3f:   48 8b 4b 10 e8 18 fe d4 ff 48 8b 43 10 48 89 46
0x00007ffdbcbb2b4f:   10 48 8b 43 18 48 89 46 18 48 8b 43 20 48 8b 9c
0x00007ffdbcbb2b5f:   24 38 01 00 00 48 89 46 20 83 bf 08 04 00 00 02
0x00007ffdbcbb2b6f:   48 8b b4 24 00 01 00 00 75 08 48 8b cf e8 9f 72
0x00007ffdbcbb2b7f:   3d 00 ba 06 00 00 00 48 8d 4c 24 30 44 8d 42 02 


Stack slot to memory mapping:
stack at sp + 0 slots: {method} {0x0000015eff2a8c68} 'getNextToken0' '()I' in 'org/eclipse/jdt/internal/compiler/parser/Scanner'
stack at sp + 1 slots: 0x00000000ec25eeb8 is an unallocated location in the heap
stack at sp + 2 slots: 0x000000000000000d is an unknown value
stack at sp + 3 slots: 0x0000015efbfcd800 is a thread
stack at sp + 4 slots: {method} {0x0000015eff44d1a8} 'pushOnAstLengthStack' '(I)V' in 'org/eclipse/jdt/internal/compiler/parser/Parser'
stack at sp + 5 slots: 0x0000015efbfcd800 is a thread
stack at sp + 6 slots: 0x0000015efbfcd800 is a thread
stack at sp + 7 slots: 0x0000015efbfcd800 is a thread


---------------  P R O C E S S  ---------------

Threads class SMR info:
_java_thread_list=0x0000015efd5f49d0, length=20, elements={
0x0000015eef2cb000, 0x0000015eef39b800, 0x0000015eef39c800, 0x0000015efbc92800,
0x0000015efaaec800, 0x0000015efaaee800, 0x0000015efaaf1000, 0x0000015efaaf2000,
0x0000015efab38800, 0x0000015efbda2000, 0x0000015efc172800, 0x0000015efc95c000,
0x0000015efc7c8800, 0x0000015efc8f3000, 0x0000015efca25800, 0x0000015efcccb000,
0x0000015efcb74000, 0x0000015efcd2d000, 0x0000015efbfcd800, 0x0000015efc5d3800
}

Java Threads: ( => current thread )
  0x0000015eef2cb000 JavaThread "main" [_thread_blocked, id=13640, stack(0x00000049b4c00000,0x00000049b4d00000)]
  0x0000015eef39b800 JavaThread "Reference Handler" daemon [_thread_blocked, id=8140, stack(0x00000049b4f00000,0x00000049b5000000)]
  0x0000015eef39c800 JavaThread "Finalizer" daemon [_thread_blocked, id=12544, stack(0x00000049b5000000,0x00000049b5100000)]
  0x0000015efbc92800 JavaThread "Signal Dispatcher" daemon [_thread_blocked, id=12820, stack(0x00000049b5100000,0x00000049b5200000)]
  0x0000015efaaec800 JavaThread "Attach Listener" daemon [_thread_blocked, id=7524, stack(0x00000049b5200000,0x00000049b5300000)]
  0x0000015efaaee800 JavaThread "Service Thread" daemon [_thread_blocked, id=3364, stack(0x00000049b5300000,0x00000049b5400000)]
  0x0000015efaaf1000 JavaThread "C2 CompilerThread0" daemon [_thread_blocked, id=520, stack(0x00000049b5400000,0x00000049b5500000)]
  0x0000015efaaf2000 JavaThread "C1 CompilerThread0" daemon [_thread_blocked, id=14292, stack(0x00000049b5500000,0x00000049b5600000)]
  0x0000015efab38800 JavaThread "Sweeper thread" daemon [_thread_blocked, id=3604, stack(0x00000049b5600000,0x00000049b5700000)]
  0x0000015efbda2000 JavaThread "Common-Cleaner" daemon [_thread_blocked, id=3900, stack(0x00000049b5700000,0x00000049b5800000)]
  0x0000015efc172800 JavaThread "Active Thread: Equinox Container: b59019a8-1886-4086-8f97-b820e4756aa0" [_thread_blocked, id=14004, stack(0x00000049b5b00000,0x00000049b5c00000)]
  0x0000015efc95c000 JavaThread "Framework Event Dispatcher: Equinox Container: b59019a8-1886-4086-8f97-b820e4756aa0" daemon [_thread_blocked, id=8204, stack(0x00000049b5900000,0x00000049b5a00000)]
  0x0000015efc7c8800 JavaThread "Start Level: Equinox Container: b59019a8-1886-4086-8f97-b820e4756aa0" daemon [_thread_blocked, id=13456, stack(0x00000049b5c00000,0x00000049b5d00000)]
  0x0000015efc8f3000 JavaThread "SCR Component Actor" daemon [_thread_blocked, id=12784, stack(0x00000049b5f00000,0x00000049b6000000)]
  0x0000015efca25800 JavaThread "Worker-JM" [_thread_blocked, id=13076, stack(0x00000049b6100000,0x00000049b6200000)]
  0x0000015efcccb000 JavaThread "Worker-0" [_thread_blocked, id=10448, stack(0x00000049b6200000,0x00000049b6300000)]
  0x0000015efcb74000 JavaThread "Worker-1" [_thread_blocked, id=4164, stack(0x00000049b6300000,0x00000049b6400000)]
  0x0000015efcd2d000 JavaThread "Worker-2" [_thread_blocked, id=4568, stack(0x00000049b6400000,0x00000049b6500000)]
=>0x0000015efbfcd800 JavaThread "pool-1-thread-1" [_thread_in_vm, id=3052, stack(0x00000049b6500000,0x00000049b6600000)]
  0x0000015efc5d3800 JavaThread "C2 CompilerThread1" daemon [_thread_blocked, id=10244, stack(0x00000049b6600000,0x00000049b6700000)]

Other Threads:
  0x0000015eef398000 VMThread "VM Thread" [stack: 0x00000049b4e00000,0x00000049b4f00000] [id=3932]
  0x0000015efbf80000 WatcherThread [stack: 0x00000049b5800000,0x00000049b5900000] [id=11148]
  0x0000015eef2e2000 GCTaskThread "ParGC Thread#0" [stack: 0x00000049b4d00000,0x00000049b4e00000] [id=2288]
  0x0000015efc864800 GCTaskThread "ParGC Thread#1" [stack: 0x00000049b5a00000,0x00000049b5b00000] [id=12972]
  0x0000015efc993000 GCTaskThread "ParGC Thread#2" [stack: 0x00000049b5d00000,0x00000049b5e00000] [id=6452]
  0x0000015efc994000 GCTaskThread "ParGC Thread#3" [stack: 0x00000049b5e00000,0x00000049b5f00000] [id=3552]

Threads with active compile tasks:

VM state:not at safepoint (normal execution)

VM Mutex/Monitor currently owned by a thread: None

Heap address: 0x00000000c0000000, size: 1024 MB, Compressed Oops mode: 32-bit
Narrow klass base: 0x0000000000000000, Narrow klass shift: 3
Compressed class space size: 1073741824 Address: 0x0000000100000000

Heap:
 PSYoungGen      total 20480K, used 0K [0x00000000eab00000, 0x00000000ec200000, 0x0000000100000000)
  eden space 19968K, 0% used [0x00000000eab00000,0x00000000eab00000,0x00000000ebe80000)
  from space 512K, 0% used [0x00000000ebf80000,0x00000000ebf80000,0x00000000ec000000)
  to   space 1024K, 0% used [0x00000000ec100000,0x00000000ec100000,0x00000000ec200000)
 ParOldGen       total 68608K, used 24510K [0x00000000c0000000, 0x00000000c4300000, 0x00000000eab00000)
  object space 68608K, 35% used [0x00000000c0000000,0x00000000c17efb18,0x00000000c4300000)
 Metaspace       used 33287K, capacity 35312K, committed 35672K, reserved 1081344K
  class space    used 3156K, capacity 3882K, committed 3968K, reserved 1048576K

Card table byte_map: [0x0000015ef7bd0000,0x0000015ef7de0000] _byte_map_base: 0x0000015ef75d0000

Marking Bits: (ParMarkBitMap*) 0x00007ffdbd2dbcf0
 Begin Bits: [0x0000015ef7f40000, 0x0000015ef8f40000)
 End Bits:   [0x0000015ef8f40000, 0x0000015ef9f40000)

Polling page: 0x0000015eed930000

Metaspace:

Usage:
  Non-class:     30.69 MB capacity,    29.43 MB ( 96%) used,     1.20 MB (  4%) free+waste,    72.69 KB ( <1%) overhead. 
      Class:      3.79 MB capacity,     3.08 MB ( 81%) used,   690.83 KB ( 18%) free+waste,    34.94 KB ( <1%) overhead. 
       Both:     34.48 MB capacity,    32.51 MB ( 94%) used,     1.87 MB (  5%) free+waste,   107.63 KB ( <1%) overhead. 

Virtual space:
  Non-class space:       32.00 MB reserved,      30.96 MB ( 97%) committed 
      Class space:        1.00 GB reserved,       3.88 MB ( <1%) committed 
             Both:        1.03 GB reserved,      34.84 MB (  3%) committed 

Chunk freelists:
   Non-Class:  58.00 KB
       Class:  22.00 KB
        Both:  80.00 KB

MaxMetaspaceSize: 17179869184.00 GB
CompressedClassSpaceSize: 1.00 GB
Initial GC threshold: 20.80 MB
Current GC threshold: 57.64 MB
CDS: off

CodeHeap 'non-profiled nmethods': size=120064Kb used=1741Kb max_used=1741Kb free=118322Kb
 bounds [0x0000015e87ac0000, 0x0000015e87d30000, 0x0000015e8f000000]
CodeHeap 'profiled nmethods': size=120000Kb used=7344Kb max_used=7344Kb free=112655Kb
 bounds [0x0000015e80590000, 0x0000015e80cc0000, 0x0000015e87ac0000]
CodeHeap 'non-nmethods': size=5696Kb used=1262Kb max_used=1308Kb free=4433Kb
 bounds [0x0000015e80000000, 0x0000015e80270000, 0x0000015e80590000]
 total_blobs=3958 nmethods=3415 adapters=457
 compilation: enabled
              stopped_count=0, restarted_count=0
 full_count=0

Compilation events (20 events):
Event: 9.488 Thread 0x0000015efaaf2000 3410       3       org.objectweb.asm.ByteVector::put11 (52 bytes)
Event: 9.488 Thread 0x0000015efaaf2000 nmethod 3410 0x0000015e80ca7890 code [0x0000015e80ca7a60, 0x0000015e80ca7c68]
Event: 9.488 Thread 0x0000015efaaf2000 3412       3       org.objectweb.asm.MethodVisitor::visitFieldInsn (20 bytes)
Event: 9.488 Thread 0x0000015efaaf2000 nmethod 3412 0x0000015e80ca7d90 code [0x0000015e80ca7f40, 0x0000015e80ca8128]
Event: 9.488 Thread 0x0000015efaaf2000 3414       3       java.util.regex.Pattern$GroupTail::match (111 bytes)
Event: 9.488 Thread 0x0000015efaaf2000 nmethod 3414 0x0000015e80ca8210 code [0x0000015e80ca83e0, 0x0000015e80ca8768]
Event: 9.488 Thread 0x0000015efaaf2000 3413       3       java.lang.String::split (7 bytes)
Event: 9.489 Thread 0x0000015efaaf2000 nmethod 3413 0x0000015e80ca8990 code [0x0000015e80ca8b40, 0x0000015e80ca8c68]
Event: 9.495 Thread 0x0000015efaaf2000 3417       3       org.objectweb.asm.SymbolTable::put (150 bytes)
Event: 9.496 Thread 0x0000015efaaf2000 nmethod 3417 0x0000015e80ca8d10 code [0x0000015e80ca8f00, 0x0000015e80ca95f8]
Event: 9.496 Thread 0x0000015efaaf2000 3420       3       java.util.regex.Pattern$BranchConn::match (11 bytes)
Event: 9.496 Thread 0x0000015efaaf2000 nmethod 3420 0x0000015e80ca9910 code [0x0000015e80ca9ac0, 0x0000015e80ca9c88]
Event: 9.496 Thread 0x0000015efaaf2000 3418   !   3       java.util.regex.Pattern::matcher (44 bytes)
Event: 9.496 Thread 0x0000015efaaf2000 nmethod 3418 0x0000015e80ca9d90 code [0x0000015e80ca9f60, 0x0000015e80caa378]
Event: 9.496 Thread 0x0000015efaaf2000 3419       3       java.util.regex.Matcher::<init> (95 bytes)
Event: 9.497 Thread 0x0000015efaaf2000 nmethod 3419 0x0000015e80caa490 code [0x0000015e80caa660, 0x0000015e80caab08]
Event: 9.497 Thread 0x0000015efaaf2000 3421       3       java.util.regex.Matcher::match (154 bytes)
Event: 9.498 Thread 0x0000015efaaf2000 nmethod 3421 0x0000015e80caac90 code [0x0000015e80caaea0, 0x0000015e80cab608]
Event: 9.498 Thread 0x0000015efaaf2000 3422       3       java.net.URLStreamHandler::parseURL (1201 bytes)
Event: 9.792 Thread 0x0000015efaaf2000 nmethod 3422 0x0000015e80cab910 code [0x0000015e80cacb80, 0x0000015e80cb7e68]

GC Heap History (20 events):
Event: 7.524 GC heap before
{Heap before GC invocations=8 (full 1):
 PSYoungGen      total 27136K, used 27128K [0x00000000eab00000, 0x00000000ec900000, 0x0000000100000000)
  eden space 24576K, 100% used [0x00000000eab00000,0x00000000ec300000,0x00000000ec300000)
  from space 2560K, 99% used [0x00000000ec600000,0x00000000ec87e1a8,0x00000000ec880000)
  to   space 3072K, 0% used [0x00000000ec300000,0x00000000ec300000,0x00000000ec600000)
 ParOldGen       total 68608K, used 6251K [0x00000000c0000000, 0x00000000c4300000, 0x00000000eab00000)
  object space 68608K, 9% used [0x00000000c0000000,0x00000000c061afa0,0x00000000c4300000)
 Metaspace       used 30776K, capacity 32629K, committed 32896K, reserved 1079296K
  class space    used 2954K, capacity 3671K, committed 3712K, reserved 1048576K
}
Event: 7.531 GC heap after
{Heap after GC invocations=8 (full 1):
 PSYoungGen      total 27136K, used 3059K [0x00000000eab00000, 0x00000000ecb80000, 0x0000000100000000)
  eden space 24064K, 0% used [0x00000000eab00000,0x00000000eab00000,0x00000000ec280000)
  from space 3072K, 99% used [0x00000000ec300000,0x00000000ec5fcea8,0x00000000ec600000)
  to   space 4608K, 0% used [0x00000000ec700000,0x00000000ec700000,0x00000000ecb80000)
 ParOldGen       total 68608K, used 7295K [0x00000000c0000000, 0x00000000c4300000, 0x00000000eab00000)
  object space 68608K, 10% used [0x00000000c0000000,0x00000000c071fed0,0x00000000c4300000)
 Metaspace       used 30776K, capacity 32629K, committed 32896K, reserved 1079296K
  class space    used 2954K, capacity 3671K, committed 3712K, reserved 1048576K
}
Event: 8.160 GC heap before
{Heap before GC invocations=9 (full 1):
 PSYoungGen      total 27136K, used 27123K [0x00000000eab00000, 0x00000000ecb80000, 0x0000000100000000)
  eden space 24064K, 100% used [0x00000000eab00000,0x00000000ec280000,0x00000000ec280000)
  from space 3072K, 99% used [0x00000000ec300000,0x00000000ec5fcea8,0x00000000ec600000)
  to   space 4608K, 0% used [0x00000000ec700000,0x00000000ec700000,0x00000000ecb80000)
 ParOldGen       total 68608K, used 7295K [0x00000000c0000000, 0x00000000c4300000, 0x00000000eab00000)
  object space 68608K, 10% used [0x00000000c0000000,0x00000000c071fed0,0x00000000c4300000)
 Metaspace       used 31123K, capacity 33011K, committed 33280K, reserved 1079296K
  class space    used 3000K, capacity 3713K, committed 3840K, reserved 1048576K
}
Event: 8.173 GC heap after
{Heap after GC invocations=9 (full 1):
 PSYoungGen      total 27648K, used 4598K [0x00000000eab00000, 0x00000000ecd00000, 0x0000000100000000)
  eden space 23040K, 0% used [0x00000000eab00000,0x00000000eab00000,0x00000000ec180000)
  from space 4608K, 99% used [0x00000000ec700000,0x00000000ecb7d948,0x00000000ecb80000)
  to   space 5632K, 0% used [0x00000000ec180000,0x00000000ec180000,0x00000000ec700000)
 ParOldGen       total 68608K, used 7935K [0x00000000c0000000, 0x00000000c4300000, 0x00000000eab00000)
  object space 68608K, 11% used [0x00000000c0000000,0x00000000c07bfee0,0x00000000c4300000)
 Metaspace       used 31123K, capacity 33011K, committed 33280K, reserved 1079296K
  class space    used 3000K, capacity 3713K, committed 3840K, reserved 1048576K
}
Event: 8.661 GC heap before
{Heap before GC invocations=10 (full 1):
 PSYoungGen      total 27648K, used 27638K [0x00000000eab00000, 0x00000000ecd00000, 0x0000000100000000)
  eden space 23040K, 100% used [0x00000000eab00000,0x00000000ec180000,0x00000000ec180000)
  from space 4608K, 99% used [0x00000000ec700000,0x00000000ecb7d948,0x00000000ecb80000)
  to   space 5632K, 0% used [0x00000000ec180000,0x00000000ec180000,0x00000000ec700000)
 ParOldGen       total 68608K, used 7935K [0x00000000c0000000, 0x00000000c4300000, 0x00000000eab00000)
  object space 68608K, 11% used [0x00000000c0000000,0x00000000c07bfee0,0x00000000c4300000)
 Metaspace       used 31163K, capacity 33075K, committed 33280K, reserved 1079296K
  class space    used 3000K, capacity 3713K, committed 3840K, reserved 1048576K
}
Event: 8.693 GC heap after
{Heap after GC invocations=10 (full 1):
 PSYoungGen      total 27648K, used 4827K [0x00000000eab00000, 0x00000000ecb00000, 0x0000000100000000)
  eden space 22528K, 0% used [0x00000000eab00000,0x00000000eab00000,0x00000000ec100000)
  from space 5120K, 94% used [0x00000000ec180000,0x00000000ec636d30,0x00000000ec680000)
  to   space 4608K, 0% used [0x00000000ec680000,0x00000000ec680000,0x00000000ecb00000)
 ParOldGen       total 68608K, used 9846K [0x00000000c0000000, 0x00000000c4300000, 0x00000000eab00000)
  object space 68608K, 14% used [0x00000000c0000000,0x00000000c099db30,0x00000000c4300000)
 Metaspace       used 31163K, capacity 33075K, committed 33280K, reserved 1079296K
  class space    used 3000K, capacity 3713K, committed 3840K, reserved 1048576K
}
Event: 8.835 GC heap before
{Heap before GC invocations=11 (full 1):
 PSYoungGen      total 27648K, used 27355K [0x00000000eab00000, 0x00000000ecb00000, 0x0000000100000000)
  eden space 22528K, 100% used [0x00000000eab00000,0x00000000ec100000,0x00000000ec100000)
  from space 5120K, 94% used [0x00000000ec180000,0x00000000ec636d30,0x00000000ec680000)
  to   space 4608K, 0% used [0x00000000ec680000,0x00000000ec680000,0x00000000ecb00000)
 ParOldGen       total 68608K, used 9846K [0x00000000c0000000, 0x00000000c4300000, 0x00000000eab00000)
  object space 68608K, 14% used [0x00000000c0000000,0x00000000c099db30,0x00000000c4300000)
 Metaspace       used 31339K, capacity 33268K, committed 33536K, reserved 1079296K
  class space    used 3013K, capacity 3713K, committed 3840K, reserved 1048576K
}
Event: 8.843 GC heap after
{Heap after GC invocations=11 (full 1):
 PSYoungGen      total 24576K, used 4594K [0x00000000eab00000, 0x00000000ed080000, 0x0000000100000000)
  eden space 19968K, 0% used [0x00000000eab00000,0x00000000eab00000,0x00000000ebe80000)
  from space 4608K, 99% used [0x00000000ec680000,0x00000000ecafcb38,0x00000000ecb00000)
  to   space 8192K, 0% used [0x00000000ebe80000,0x00000000ebe80000,0x00000000ec680000)
 ParOldGen       total 68608K, used 12519K [0x00000000c0000000, 0x00000000c4300000, 0x00000000eab00000)
  object space 68608K, 18% used [0x00000000c0000000,0x00000000c0c39e08,0x00000000c4300000)
 Metaspace       used 31339K, capacity 33268K, committed 33536K, reserved 1079296K
  class space    used 3013K, capacity 3713K, committed 3840K, reserved 1048576K
}
Event: 8.904 GC heap before
{Heap before GC invocations=12 (full 1):
 PSYoungGen      total 24576K, used 24562K [0x00000000eab00000, 0x00000000ed080000, 0x0000000100000000)
  eden space 19968K, 100% used [0x00000000eab00000,0x00000000ebe80000,0x00000000ebe80000)
  from space 4608K, 99% used [0x00000000ec680000,0x00000000ecafcb38,0x00000000ecb00000)
  to   space 8192K, 0% used [0x00000000ebe80000,0x00000000ebe80000,0x00000000ec680000)
 ParOldGen       total 68608K, used 12519K [0x00000000c0000000, 0x00000000c4300000, 0x00000000eab00000)
  object space 68608K, 18% used [0x00000000c0000000,0x00000000c0c39e08,0x00000000c4300000)
 Metaspace       used 31340K, capacity 33268K, committed 33536K, reserved 1079296K
  class space    used 3013K, capacity 3713K, committed 3840K, reserved 1048576K
}
Event: 8.914 GC heap after
{Heap after GC invocations=12 (full 1):
 PSYoungGen      total 22528K, used 2080K [0x00000000eab00000, 0x00000000ec700000, 0x0000000100000000)
  eden space 19968K, 0% used [0x00000000eab00000,0x00000000eab00000,0x00000000ebe80000)
  from space 2560K, 81% used [0x00000000ebe80000,0x00000000ec088000,0x00000000ec100000)
  to   space 4096K, 0% used [0x00000000ec300000,0x00000000ec300000,0x00000000ec700000)
 ParOldGen       total 68608K, used 17114K [0x00000000c0000000, 0x00000000c4300000, 0x00000000eab00000)
  object space 68608K, 24% used [0x00000000c0000000,0x00000000c10b6a60,0x00000000c4300000)
 Metaspace       used 31340K, capacity 33268K, committed 33536K, reserved 1079296K
  class space    used 3013K, capacity 3713K, committed 3840K, reserved 1048576K
}
Event: 9.006 GC heap before
{Heap before GC invocations=13 (full 1):
 PSYoungGen      total 22528K, used 22048K [0x00000000eab00000, 0x00000000ec700000, 0x0000000100000000)
  eden space 19968K, 100% used [0x00000000eab00000,0x00000000ebe80000,0x00000000ebe80000)
  from space 2560K, 81% used [0x00000000ebe80000,0x00000000ec088000,0x00000000ec100000)
  to   space 4096K, 0% used [0x00000000ec300000,0x00000000ec300000,0x00000000ec700000)
 ParOldGen       total 68608K, used 17114K [0x00000000c0000000, 0x00000000c4300000, 0x00000000eab00000)
  object space 68608K, 24% used [0x00000000c0000000,0x00000000c10b6a60,0x00000000c4300000)
 Metaspace       used 31340K, capacity 33268K, committed 33536K, reserved 1079296K
  class space    used 3013K, capacity 3713K, committed 3840K, reserved 1048576K
}
Event: 9.019 GC heap after
{Heap after GC invocations=13 (full 1):
 PSYoungGen      total 22528K, used 2368K [0x00000000eab00000, 0x00000000ec580000, 0x0000000100000000)
  eden space 19968K, 0% used [0x00000000eab00000,0x00000000eab00000,0x00000000ebe80000)
  from space 2560K, 92% used [0x00000000ec300000,0x00000000ec550010,0x00000000ec580000)
  to   space 3072K, 0% used [0x00000000ebf80000,0x00000000ebf80000,0x00000000ec280000)
 ParOldGen       total 68608K, used 19146K [0x00000000c0000000, 0x00000000c4300000, 0x00000000eab00000)
  object space 68608K, 27% used [0x00000000c0000000,0x00000000c12b2a60,0x00000000c4300000)
 Metaspace       used 31340K, capacity 33268K, committed 33536K, reserved 1079296K
  class space    used 3013K, capacity 3713K, committed 3840K, reserved 1048576K
}
Event: 9.090 GC heap before
{Heap before GC invocations=14 (full 1):
 PSYoungGen      total 22528K, used 22336K [0x00000000eab00000, 0x00000000ec580000, 0x0000000100000000)
  eden space 19968K, 100% used [0x00000000eab00000,0x00000000ebe80000,0x00000000ebe80000)
  from space 2560K, 92% used [0x00000000ec300000,0x00000000ec550010,0x00000000ec580000)
  to   space 3072K, 0% used [0x00000000ebf80000,0x00000000ebf80000,0x00000000ec280000)
 ParOldGen       total 68608K, used 19146K [0x00000000c0000000, 0x00000000c4300000, 0x00000000eab00000)
  object space 68608K, 27% used [0x00000000c0000000,0x00000000c12b2a60,0x00000000c4300000)
 Metaspace       used 31377K, capacity 33309K, committed 33536K, reserved 1079296K
  class space    used 3021K, capacity 3748K, committed 3840K, reserved 1048576K
}
Event: 9.097 GC heap after
{Heap after GC invocations=14 (full 1):
 PSYoungGen      total 22016K, used 1984K [0x00000000eab00000, 0x00000000ec380000, 0x0000000100000000)
  eden space 19968K, 0% used [0x00000000eab00000,0x00000000eab00000,0x00000000ebe80000)
  from space 2048K, 96% used [0x00000000ebf80000,0x00000000ec170000,0x00000000ec180000)
  to   space 2048K, 0% used [0x00000000ec180000,0x00000000ec180000,0x00000000ec380000)
 ParOldGen       total 68608K, used 21480K [0x00000000c0000000, 0x00000000c4300000, 0x00000000eab00000)
  object space 68608K, 31% used [0x00000000c0000000,0x00000000c14fa2f0,0x00000000c4300000)
 Metaspace       used 31377K, capacity 33309K, committed 33536K, reserved 1079296K
  class space    used 3021K, capacity 3748K, committed 3840K, reserved 1048576K
}
Event: 9.462 GC heap before
{Heap before GC invocations=15 (full 1):
 PSYoungGen      total 22016K, used 21938K [0x00000000eab00000, 0x00000000ec380000, 0x0000000100000000)
  eden space 19968K, 99% used [0x00000000eab00000,0x00000000ebe7c840,0x00000000ebe80000)
  from space 2048K, 96% used [0x00000000ebf80000,0x00000000ec170000,0x00000000ec180000)
  to   space 2048K, 0% used [0x00000000ec180000,0x00000000ec180000,0x00000000ec380000)
 ParOldGen       total 68608K, used 21480K [0x00000000c0000000, 0x00000000c4300000, 0x00000000eab00000)
  object space 68608K, 31% used [0x00000000c0000000,0x00000000c14fa2f0,0x00000000c4300000)
 Metaspace       used 32723K, capacity 34736K, committed 34816K, reserved 1081344K
  class space    used 3084K, capacity 3818K, committed 3840K, reserved 1048576K
}
Event: 9.470 GC heap after
{Heap after GC invocations=15 (full 1):
 PSYoungGen      total 22016K, used 1628K [0x00000000eab00000, 0x00000000ec380000, 0x0000000100000000)
  eden space 19968K, 0% used [0x00000000eab00000,0x00000000eab00000,0x00000000ebe80000)
  from space 2048K, 79% used [0x00000000ec180000,0x00000000ec3171c8,0x00000000ec380000)
  to   space 2048K, 0% used [0x00000000ebf80000,0x00000000ebf80000,0x00000000ec180000)
 ParOldGen       total 68608K, used 23453K [0x00000000c0000000, 0x00000000c4300000, 0x00000000eab00000)
  object space 68608K, 34% used [0x00000000c0000000,0x00000000c16e7648,0x00000000c4300000)
 Metaspace       used 32723K, capacity 34736K, committed 34816K, reserved 1081344K
  class space    used 3084K, capacity 3818K, committed 3840K, reserved 1048576K
}
Event: 9.514 GC heap before
{Heap before GC invocations=16 (full 1):
 PSYoungGen      total 22016K, used 5348K [0x00000000eab00000, 0x00000000ec380000, 0x0000000100000000)
  eden space 19968K, 18% used [0x00000000eab00000,0x00000000eaea1e48,0x00000000ebe80000)
  from space 2048K, 79% used [0x00000000ec180000,0x00000000ec3171c8,0x00000000ec380000)
  to   space 2048K, 0% used [0x00000000ebf80000,0x00000000ebf80000,0x00000000ec180000)
 ParOldGen       total 68608K, used 23453K [0x00000000c0000000, 0x00000000c4300000, 0x00000000eab00000)
  object space 68608K, 34% used [0x00000000c0000000,0x00000000c16e7648,0x00000000c4300000)
 Metaspace       used 33272K, capacity 35248K, committed 35416K, reserved 1081344K
  class space    used 3156K, capacity 3882K, committed 3968K, reserved 1048576K
}
Event: 9.525 GC heap after
{Heap after GC invocations=16 (full 1):
 PSYoungGen      total 20480K, used 64K [0x00000000eab00000, 0x00000000ec200000, 0x0000000100000000)
  eden space 19968K, 0% used [0x00000000eab00000,0x00000000eab00000,0x00000000ebe80000)
  from space 512K, 12% used [0x00000000ebf80000,0x00000000ebf90000,0x00000000ec000000)
  to   space 1024K, 0% used [0x00000000ec100000,0x00000000ec100000,0x00000000ec200000)
 ParOldGen       total 68608K, used 25000K [0x00000000c0000000, 0x00000000c4300000, 0x00000000eab00000)
  object space 68608K, 36% used [0x00000000c0000000,0x00000000c186a0b8,0x00000000c4300000)
 Metaspace       used 33272K, capacity 35248K, committed 35416K, reserved 1081344K
  class space    used 3156K, capacity 3882K, committed 3968K, reserved 1048576K
}
Event: 9.525 GC heap before
{Heap before GC invocations=17 (full 2):
 PSYoungGen      total 20480K, used 64K [0x00000000eab00000, 0x00000000ec200000, 0x0000000100000000)
  eden space 19968K, 0% used [0x00000000eab00000,0x00000000eab00000,0x00000000ebe80000)
  from space 512K, 12% used [0x00000000ebf80000,0x00000000ebf90000,0x00000000ec000000)
  to   space 1024K, 0% used [0x00000000ec100000,0x00000000ec100000,0x00000000ec200000)
 ParOldGen       total 68608K, used 25000K [0x00000000c0000000, 0x00000000c4300000, 0x00000000eab00000)
  object space 68608K, 36% used [0x00000000c0000000,0x00000000c186a0b8,0x00000000c4300000)
 Metaspace       used 33272K, capacity 35248K, committed 35416K, reserved 1081344K
  class space    used 3156K, capacity 3882K, committed 3968K, reserved 1048576K
}
Event: 9.792 GC heap after
{Heap after GC invocations=17 (full 2):
 PSYoungGen      total 20480K, used 0K [0x00000000eab00000, 0x00000000ec200000, 0x0000000100000000)
  eden space 19968K, 0% used [0x00000000eab00000,0x00000000eab00000,0x00000000ebe80000)
  from space 512K, 0% used [0x00000000ebf80000,0x00000000ebf80000,0x00000000ec000000)
  to   space 1024K, 0% used [0x00000000ec100000,0x00000000ec100000,0x00000000ec200000)
 ParOldGen       total 68608K, used 24510K [0x00000000c0000000, 0x00000000c4300000, 0x00000000eab00000)
  object space 68608K, 35% used [0x00000000c0000000,0x00000000c17efb18,0x00000000c4300000)
 Metaspace       used 33272K, capacity 35248K, committed 35416K, reserved 1081344K
  class space    used 3156K, capacity 3882K, committed 3968K, reserved 1048576K
}

Deoptimization events (20 events):
Event: 8.809 Thread 0x0000015efcb74000 DEOPT PACKING pc=0x0000015e87ae34a4 sp=0x00000049b63fedf0
Event: 8.809 Thread 0x0000015efcb74000 DEOPT UNPACKING pc=0x0000015e8004a1af sp=0x00000049b63fed88 mode 2
Event: 9.152 Thread 0x0000015efbfcd800 Uncommon trap: trap_request=0xffffff7e fr.pc=0x0000015e87bca4bc relative=0x000000000000055c
Event: 9.152 Thread 0x0000015efbfcd800 Uncommon trap: reason=predicate action=maybe_recompile pc=0x0000015e87bca4bc method=java.lang.PublicMethods$MethodList.filter([Ljava/lang/reflect/Method;Ljava/lang/String;[Ljava/lang/Class;Z)Ljava/lang/PublicMethods$MethodList; @ 21 c2
Event: 9.152 Thread 0x0000015efbfcd800 DEOPT PACKING pc=0x0000015e87bca4bc sp=0x00000049b65fae70
Event: 9.152 Thread 0x0000015efbfcd800 DEOPT UNPACKING pc=0x0000015e8004a1af sp=0x00000049b65fae08 mode 2
Event: 9.219 Thread 0x0000015efbfcd800 Uncommon trap: trap_request=0xffffff4d fr.pc=0x0000015e87af7670 relative=0x0000000000000490
Event: 9.219 Thread 0x0000015efbfcd800 Uncommon trap: reason=unstable_if action=reinterpret pc=0x0000015e87af7670 method=java.util.HashMap$HashIterator.<init>(Ljava/util/HashMap;)V @ 45 c2
Event: 9.219 Thread 0x0000015efbfcd800 DEOPT PACKING pc=0x0000015e87af7670 sp=0x00000049b65fdf60
Event: 9.219 Thread 0x0000015efbfcd800 DEOPT UNPACKING pc=0x0000015e8004a1af sp=0x00000049b65fddd0 mode 2
Event: 9.403 Thread 0x0000015efbfcd800 DEOPT PACKING pc=0x0000015e80b09b6d sp=0x00000049b65fca40
Event: 9.403 Thread 0x0000015efbfcd800 DEOPT UNPACKING pc=0x0000015e8004a95e sp=0x00000049b65fbf60 mode 0
Event: 9.484 Thread 0x0000015efbfcd800 Uncommon trap: trap_request=0xffffff4d fr.pc=0x0000015e87c72fd0 relative=0x0000000000000130
Event: 9.484 Thread 0x0000015efbfcd800 Uncommon trap: reason=unstable_if action=reinterpret pc=0x0000015e87c72fd0 method=org.objectweb.asm.ByteVector.putByteArray([BII)Lorg/objectweb/asm/ByteVector; @ 20 c2
Event: 9.484 Thread 0x0000015efbfcd800 DEOPT PACKING pc=0x0000015e87c72fd0 sp=0x00000049b65fa770
Event: 9.484 Thread 0x0000015efbfcd800 DEOPT UNPACKING pc=0x0000015e8004a1af sp=0x00000049b65fa740 mode 2
Event: 9.484 Thread 0x0000015efbfcd800 Uncommon trap: trap_request=0xffffff4d fr.pc=0x0000015e87c7099c relative=0x00000000000002dc
Event: 9.484 Thread 0x0000015efbfcd800 Uncommon trap: reason=unstable_if action=reinterpret pc=0x0000015e87c7099c method=org.objectweb.asm.Label.resolve([BI)Z @ 80 c2
Event: 9.484 Thread 0x0000015efbfcd800 DEOPT PACKING pc=0x0000015e87c7099c sp=0x00000049b65fa800
Event: 9.484 Thread 0x0000015efbfcd800 DEOPT UNPACKING pc=0x0000015e8004a1af sp=0x00000049b65fa700 mode 2

Classes redefined (0 events):
No events

Internal exceptions (20 events):
Event: 3.601 Thread 0x0000015efc7c8800 Exception <a 'java/lang/NoSuchMethodError'{0x00000000eaf8c898}: 'java.lang.Object java.lang.invoke.DelegatingMethodHandle$Holder.reinvoke_L(java.lang.Object, int, int, java.lang.Object, java.lang.Object, java.lang.Object)'> (0x00000000eaf8c898) thrown at [./src/hotspot/share/interpreter/linkResolver.cpp, line 773]
Event: 3.994 Thread 0x0000015efc7c8800 Exception <a 'java/io/FileNotFoundException'{0x00000000eb9e4290}> (0x00000000eb9e4290) thrown at [./src/hotspot/share/prims/jni.cpp, line 615]
Event: 4.608 Thread 0x0000015efc7c8800 Exception <a 'java/lang/NoSuchMethodError'{0x00000000ead1d6c0}: 'void java.lang.invoke.DirectMethodHandle$Holder.invokeSpecial(java.lang.Object, java.lang.Object, java.lang.Object, java.lang.Object)'> (0x00000000ead1d6c0) thrown at [./src/hotspot/share/interpreter/linkResolver.cpp, line 773]
Event: 4.738 Thread 0x0000015efc7c8800 Exception <a 'java/io/FileNotFoundException'{0x00000000ead77430}> (0x00000000ead77430) thrown at [./src/hotspot/share/prims/jni.cpp, line 615]
Event: 5.113 Thread 0x0000015efc7c8800 Exception <a 'java/lang/NoSuchMethodError'{0x00000000eaeebe00}: 'int java.lang.invoke.DirectMethodHandle$Holder.invokeStaticInit(java.lang.Object, java.lang.Object, java.lang.Object)'> (0x00000000eaeebe00) thrown at [./src/hotspot/share/interpreter/linkResolver.cpp, line 773]
Event: 5.130 Thread 0x0000015efc7c8800 Exception <a 'java/lang/IncompatibleClassChangeError'{0x00000000eaf7bc48}: Found class java.lang.Object, but interface was expected> (0x00000000eaf7bc48) thrown at [./src/hotspot/share/interpreter/linkResolver.cpp, line 839]
Event: 5.596 Thread 0x0000015efc7c8800 Exception <a 'java/lang/ClassNotFoundException'{0x00000000eacb90f8}: com/sun/org/apache/xerces/internal/impl/msg/spi/DOMMessagesProvider> (0x00000000eacb90f8) thrown at [./src/hotspot/share/classfile/systemDictionary.cpp, line 231]
Event: 5.602 Thread 0x0000015efc7c8800 Implicit null exception at 0x0000015e87b95189 to 0x0000015e87b95edc
Event: 5.604 Thread 0x0000015efc7c8800 Exception <a 'java/lang/ClassNotFoundException'{0x00000000eace4950}: com/sun/org/apache/xerces/internal/impl/msg/spi/XMLSerializerMessagesProvider> (0x00000000eace4950) thrown at [./src/hotspot/share/classfile/systemDictionary.cpp, line 231]
Event: 5.605 Thread 0x0000015efc7c8800 Exception <a 'java/lang/ClassNotFoundException'{0x00000000eacf0500}: com/sun/org/apache/xerces/internal/impl/msg/spi/XMLMessagesProvider> (0x00000000eacf0500) thrown at [./src/hotspot/share/classfile/systemDictionary.cpp, line 231]
Event: 5.921 Thread 0x0000015efc7c8800 Exception <a 'java/lang/ClassNotFoundException'{0x00000000eb2a4490}: com/sun/org/apache/xml/internal/serializer/spi/XMLEntitiesProvider> (0x00000000eb2a4490) thrown at [./src/hotspot/share/classfile/systemDictionary.cpp, line 231]
Event: 6.196 Thread 0x0000015efc7c8800 Exception <a 'java/io/FileNotFoundException'{0x00000000eb6e8b38}> (0x00000000eb6e8b38) thrown at [./src/hotspot/share/prims/jni.cpp, line 615]
Event: 6.239 Thread 0x0000015efc7c8800 Exception <a 'java/io/FileNotFoundException'{0x00000000eb753d58}> (0x00000000eb753d58) thrown at [./src/hotspot/share/prims/jni.cpp, line 615]
Event: 6.252 Thread 0x0000015efc7c8800 Exception <a 'java/io/FileNotFoundException'{0x00000000eb7c9068}> (0x00000000eb7c9068) thrown at [./src/hotspot/share/prims/jni.cpp, line 615]
Event: 6.974 Thread 0x0000015efbfcd800 Exception <a 'java/io/FileNotFoundException'{0x00000000eb0089f8}> (0x00000000eb0089f8) thrown at [./src/hotspot/share/prims/jni.cpp, line 615]
Event: 7.760 Thread 0x0000015efcb74000 Exception <a 'java/io/FileNotFoundException'{0x00000000eb28e4e0}> (0x00000000eb28e4e0) thrown at [./src/hotspot/share/prims/jni.cpp, line 615]
Event: 7.760 Thread 0x0000015efcb74000 Exception <a 'java/io/FileNotFoundException'{0x00000000eb290080}> (0x00000000eb290080) thrown at [./src/hotspot/share/prims/jni.cpp, line 615]
Event: 7.763 Thread 0x0000015efcb74000 Exception <a 'java/lang/NoSuchMethodError'{0x00000000eb2a39b8}: 'void java.lang.invoke.DirectMethodHandle$Holder.invokeStaticInit(java.lang.Object, java.lang.Object, java.lang.Object)'> (0x00000000eb2a39b8) thrown at [./src/hotspot/share/interpreter/linkResolver.cpp, line 773]
Event: 9.210 Thread 0x0000015efbfcd800 Exception <a 'java/lang/NoSuchMethodError'{0x00000000eae0e0f0}: 'java.lang.Object java.lang.invoke.DirectMethodHandle$Holder.invokeInterface(java.lang.Object, java.lang.Object, java.lang.Object)'> (0x00000000eae0e0f0) thrown at [./src/hotspot/share/interpreter/linkResolver.cpp, line 773]
Event: 9.484 Thread 0x0000015efbfcd800 Implicit null exception at 0x0000015e87c72ee6 to 0x0000015e87c72fb0

Events (20 events):
Event: 9.228 Executing VM operation: RevokeBias
Event: 9.229 Executing VM operation: RevokeBias done
Event: 9.237 Executing VM operation: RevokeBias
Event: 9.237 Executing VM operation: RevokeBias done
Event: 9.238 Executing VM operation: RevokeBias
Event: 9.238 Executing VM operation: RevokeBias done
Event: 9.238 Executing VM operation: RevokeBias
Event: 9.238 Executing VM operation: RevokeBias done
Event: 9.243 loading class org/eclipse/jdt/internal/compiler/problem/messages
Event: 9.243 loading class org/eclipse/jdt/internal/compiler/problem/messages done
Event: 9.259 loading class org/eclipse/jdt/internal/compiler/problem/messages_en
Event: 9.259 loading class org/eclipse/jdt/internal/compiler/problem/messages_en done
Event: 9.260 loading class org/eclipse/jdt/internal/compiler/problem/messages_en_US
Event: 9.260 loading class org/eclipse/jdt/internal/compiler/problem/messages_en_US done
Event: 9.462 Executing VM operation: ParallelGCFailedAllocation
Event: 9.470 Executing VM operation: ParallelGCFailedAllocation done
Event: 9.507 Executing VM operation: Deoptimize
Event: 9.507 Executing VM operation: Deoptimize done
Event: 9.514 Executing VM operation: CollectForMetadataAllocation
Event: 9.792 Executing VM operation: CollectForMetadataAllocation done


Dynamic libraries:
0x00007ff723800000 - 0x00007ff72380d000 	C:\Program Files\Java\bin\java.exe
0x00007ffe2b650000 - 0x00007ffe2b845000 	C:\WINDOWS\SYSTEM32\ntdll.dll
0x00007ffe29930000 - 0x00007ffe299ee000 	C:\WINDOWS\System32\KERNEL32.DLL
0x00007ffe291e0000 - 0x00007ffe294a8000 	C:\WINDOWS\System32\KERNELBASE.dll
0x00007ffe28da0000 - 0x00007ffe28ea0000 	C:\WINDOWS\System32\ucrtbase.dll
0x00007ffe0c7b0000 - 0x00007ffe0c7c7000 	C:\Program Files\Java\bin\jli.dll
0x00007ffe0ad50000 - 0x00007ffe0ad65000 	C:\Program Files\Java\bin\VCRUNTIME140.dll
0x00007ffe29af0000 - 0x00007ffe29c91000 	C:\WINDOWS\System32\USER32.dll
0x00007ffe28d70000 - 0x00007ffe28d92000 	C:\WINDOWS\System32\win32u.dll
0x00007ffe11e70000 - 0x00007ffe1210a000 	C:\WINDOWS\WinSxS\amd64_microsoft.windows.common-controls_6595b64144ccf1df_6.0.19041.1110_none_60b5254171f9507e\COMCTL32.dll
0x00007ffe29ca0000 - 0x00007ffe29ccb000 	C:\WINDOWS\System32\GDI32.dll
0x00007ffe29a50000 - 0x00007ffe29aee000 	C:\WINDOWS\System32\msvcrt.dll
0x00007ffe294b0000 - 0x00007ffe295bb000 	C:\WINDOWS\System32\gdi32full.dll
0x00007ffe28ea0000 - 0x00007ffe28f3d000 	C:\WINDOWS\System32\msvcp_win.dll
0x00007ffe296a0000 - 0x00007ffe296d0000 	C:\WINDOWS\System32\IMM32.DLL
0x00007ffdc3a60000 - 0x00007ffdc3afb000 	C:\Program Files\Java\bin\msvcp140.dll
0x00007ffdbc840000 - 0x00007ffdbd399000 	C:\Program Files\Java\bin\server\jvm.dll
0x00007ffe296d0000 - 0x00007ffe2977c000 	C:\WINDOWS\System32\ADVAPI32.dll
0x00007ffe29dc0000 - 0x00007ffe29e5b000 	C:\WINDOWS\System32\sechost.dll
0x00007ffe297f0000 - 0x00007ffe2991a000 	C:\WINDOWS\System32\RPCRT4.dll
0x00007ffe29920000 - 0x00007ffe29928000 	C:\WINDOWS\System32\PSAPI.DLL
0x00007ffe0d4e0000 - 0x00007ffe0d4e9000 	C:\WINDOWS\SYSTEM32\WSOCK32.dll
0x00007ffe2a010000 - 0x00007ffe2a07b000 	C:\WINDOWS\System32\WS2_32.dll
0x00007ffe14290000 - 0x00007ffe142b7000 	C:\WINDOWS\SYSTEM32\WINMM.dll
0x00007ffe27410000 - 0x00007ffe2741a000 	C:\WINDOWS\SYSTEM32\VERSION.dll
0x00007ffe275f0000 - 0x00007ffe27602000 	C:\WINDOWS\SYSTEM32\kernel.appcore.dll
0x00007ffe24070000 - 0x00007ffe24080000 	C:\Program Files\Java\bin\verify.dll
0x00007ffe260a0000 - 0x00007ffe26284000 	C:\WINDOWS\SYSTEM32\DBGHELP.DLL
0x00007ffe1a4d0000 - 0x00007ffe1a4fc000 	C:\WINDOWS\SYSTEM32\dbgcore.DLL
0x00007ffe28ff0000 - 0x00007ffe29073000 	C:\WINDOWS\System32\bcryptPrimitives.dll
0x00007ffe07f80000 - 0x00007ffe07fa8000 	C:\Program Files\Java\bin\java.dll
0x00007ffe21760000 - 0x00007ffe2176a000 	C:\Program Files\Java\bin\jimage.dll
0x00007ffe105d0000 - 0x00007ffe105de000 	C:\Program Files\Java\bin\instrument.dll
0x00007ffe088e0000 - 0x00007ffe088f7000 	C:\Program Files\Java\bin\zip.dll
0x00007ffe2a590000 - 0x00007ffe2accf000 	C:\WINDOWS\System32\SHELL32.dll
0x00007ffe26b80000 - 0x00007ffe27310000 	C:\WINDOWS\SYSTEM32\windows.storage.dll
0x00007ffe2b190000 - 0x00007ffe2b4e5000 	C:\WINDOWS\System32\combase.dll
0x00007ffe287c0000 - 0x00007ffe287ee000 	C:\WINDOWS\SYSTEM32\Wldp.dll
0x00007ffe2adb0000 - 0x00007ffe2ae5d000 	C:\WINDOWS\System32\SHCORE.dll
0x00007ffe29cd0000 - 0x00007ffe29d25000 	C:\WINDOWS\System32\shlwapi.dll
0x00007ffe28cb0000 - 0x00007ffe28ccf000 	C:\WINDOWS\SYSTEM32\profapi.dll
0x00007ffe07bd0000 - 0x00007ffe07be9000 	C:\Program Files\Java\bin\net.dll
0x00007ffe27420000 - 0x00007ffe2752c000 	C:\WINDOWS\SYSTEM32\WINHTTP.dll
0x00007ffe28520000 - 0x00007ffe2858a000 	C:\WINDOWS\system32\mswsock.dll
0x00007ffe074f0000 - 0x00007ffe07502000 	C:\Program Files\Java\bin\nio.dll
0x00007ffe28720000 - 0x00007ffe28738000 	C:\WINDOWS\SYSTEM32\CRYPTSP.dll
0x00007ffe27e30000 - 0x00007ffe27e64000 	C:\WINDOWS\system32\rsaenh.dll
0x00007ffe295c0000 - 0x00007ffe295e7000 	C:\WINDOWS\System32\bcrypt.dll
0x00007ffe28c70000 - 0x00007ffe28c9e000 	C:\WINDOWS\SYSTEM32\USERENV.dll
0x00007ffe28710000 - 0x00007ffe2871c000 	C:\WINDOWS\SYSTEM32\CRYPTBASE.dll
0x00007ffe281c0000 - 0x00007ffe281fb000 	C:\WINDOWS\SYSTEM32\IPHLPAPI.DLL
0x00007ffe2a080000 - 0x00007ffe2a088000 	C:\WINDOWS\System32\NSI.dll
0x00007ffe1e1b0000 - 0x00007ffe1e1c7000 	C:\WINDOWS\SYSTEM32\dhcpcsvc6.DLL
0x00007ffe1eff0000 - 0x00007ffe1f00d000 	C:\WINDOWS\SYSTEM32\dhcpcsvc.DLL
0x00007ffe28210000 - 0x00007ffe282db000 	C:\WINDOWS\SYSTEM32\DNSAPI.dll
0x00007ffdfe710000 - 0x00007ffdfe74e000 	C:\Users\AD-008\AppData\Roaming\Code\User\globalStorage\redhat.java\1.0.0\config_ss_win\org.eclipse.equinox.launcher\org.eclipse.equinox.launcher.win32.win32.x86_64_1.2.400.v20210928-1041\eclipse_11600.dll
0x00007ffe2ae80000 - 0x00007ffe2afaa000 	C:\WINDOWS\System32\ole32.dll
0x00007ffe03970000 - 0x00007ffe03981000 	C:\Users\AD-008\AppData\Roaming\Code\User\globalStorage\redhat.java\1.0.0\config_ss_win\org.eclipse.osgi\16\0\.cp\jWinHttp-1.0.0.dll

dbghelp: loaded successfully - version: 4.0.5 - missing functions: none
symbol engine: initialized successfully - sym options: 0x614 - pdb path: .;C:\Program Files\Java\bin;C:\WINDOWS\SYSTEM32;C:\WINDOWS\WinSxS\amd64_microsoft.windows.common-controls_6595b64144ccf1df_6.0.19041.1110_none_60b5254171f9507e;C:\Program Files\Java\bin\server;C:\Users\AD-008\AppData\Roaming\Code\User\globalStorage\redhat.java\1.0.0\config_ss_win\org.eclipse.equinox.launcher\org.eclipse.equinox.launcher.win32.win32.x86_64_1.2.400.v20210928-1041;C:\Users\AD-008\AppData\Roaming\Code\User\globalStorage\redhat.java\1.0.0\config_ss_win\org.eclipse.osgi\16\0\.cp

VM Arguments:
jvm_args: --add-modules=ALL-SYSTEM --add-opens=java.base/java.util=ALL-UNNAMED --add-opens=java.base/java.lang=ALL-UNNAMED -Declipse.application=org.eclipse.jdt.ls.core.id1 -Dosgi.bundles.defaultStartLevel=4 -Declipse.product=org.eclipse.jdt.ls.core.product -Dfile.encoding=utf8 -DwatchParentProcess=false -XX:+UseParallelGC -XX:GCTimeRatio=4 -XX:AdaptiveSizePolicyWeight=90 -Dsun.zip.disableMemoryMapping=true -Xmx1G -Xms100m -javaagent:c:\Users\AD-008\.vscode\extensions\gabrielbb.vscode-lombok-1.0.1\server\lombok.jar -Xverify:none 
java_command: c:\Users\AD-008\.vscode\extensions\redhat.java-1.0.0\server\plugins\org.eclipse.equinox.launcher_1.6.400.v20210924-0641.jar -configuration c:\Users\AD-008\AppData\Roaming\Code\User\globalStorage\redhat.java\1.0.0\config_ss_win -data c:\Users\AD-008\AppData\Roaming\Code\User\workspaceStorage\1e3d098e3169d813647b58a42eea9fee\redhat.java\ss_ws
java_class_path (initial): c:\Users\AD-008\.vscode\extensions\redhat.java-1.0.0\server\plugins\org.eclipse.equinox.launcher_1.6.400.v20210924-0641.jar
Launcher Type: SUN_STANDARD

[Global flags]
    uintx AdaptiveSizePolicyWeight                 = 90                                        {product} {command line}
     bool BytecodeVerificationLocal                = false                                     {product} {command line}
     bool BytecodeVerificationRemote               = false                                     {product} {command line}
     intx CICompilerCount                          = 3                                         {product} {ergonomic}
    uintx GCTimeRatio                              = 4                                         {product} {command line}
   size_t InitialHeapSize                          = 104857600                                 {product} {command line}
   size_t MaxHeapSize                              = 1073741824                                {product} {command line}
   size_t MaxNewSize                               = 357564416                                 {product} {ergonomic}
   size_t MinHeapDeltaBytes                        = 524288                                    {product} {ergonomic}
   size_t NewSize                                  = 34603008                                  {product} {ergonomic}
    uintx NonNMethodCodeHeapSize                   = 5830732                                {pd product} {ergonomic}
    uintx NonProfiledCodeHeapSize                  = 122913754                              {pd product} {ergonomic}
   size_t OldSize                                  = 70254592                                  {product} {ergonomic}
    uintx ProfiledCodeHeapSize                     = 122913754                              {pd product} {ergonomic}
    uintx ReservedCodeCacheSize                    = 251658240                              {pd product} {ergonomic}
     bool SegmentedCodeCache                       = true                                      {product} {ergonomic}
     bool UseCompressedClassPointers               = true                                 {lp64_product} {ergonomic}
     bool UseCompressedOops                        = true                                 {lp64_product} {ergonomic}
     bool UseLargePagesIndividualAllocation        = false                                  {pd product} {ergonomic}
     bool UseParallelGC                            = true                                      {product} {command line}

Logging:
Log output configuration:
 #0: stdout all=warning uptime,level,tags
 #1: stderr all=off uptime,level,tags

Environment Variables:
JAVA_HOME=C:\Program Files\Java
PATH=C:\Program Files\Java\bin;C:\Python39\Scripts\;C:\Python39\;C:\Program Files (x86)\Common Files\Oracle\Java\javapath;C:\WINDOWS\system32;C:\WINDOWS;C:\WINDOWS\System32\Wbem;C:\WINDOWS\System32\WindowsPowerShell\v1.0\;C:\WINDOWS\System32\OpenSSH\;C:\Program Files\Git\cmd;C:\maven-3.6.3\bin;C:\Program Files\Java\bin;C:\Program Files\nodejs\;C:\ProgramData\chocolatey\bin;C:\cmder;C:\cmder\vendor\conemu-maximus5;C:\Users\AD-008\AppData\Local\Microsoft\WindowsApps;C:\Users\AD-008\AppData\Roaming\npm;C:\Users\AD-008\AppData\Local\Programs\Microsoft VS Code\bin;;C:\Users\AD-008\AppData\Local\Programs\Fiddler
USERNAME=AD-008
OS=Windows_NT
PROCESSOR_IDENTIFIER=Intel64 Family 6 Model 69 Stepping 1, GenuineIntel



---------------  S Y S T E M  ---------------

OS: Windows 10 , 64 bit Build 19041 (10.0.19041.1348)
OS uptime: 0 days 4:43 hours

CPU:total 4 (initial active 4) (2 cores per cpu, 2 threads per core) family 6 model 69 stepping 1 microcode 0x25, cmov, cx8, fxsr, mmx, sse, sse2, sse3, ssse3, sse4.1, sse4.2, popcnt, avx, avx2, aes, clmul, erms, lzcnt, ht, tsc, tscinvbit, bmi1, bmi2, fma

Memory: 4k page, system-wide physical 8089M (2078M free)
TotalPageFile size 9369M (AvailPageFile size 1882M)
current process WorkingSet (physical memory assigned to process): 146M, peak: 147M
current process commit charge ("private bytes"): 227M, peak: 238M

vm_info: OpenJDK 64-Bit Server VM (11.0.12+7) for windows-amd64 JRE (11.0.12+7), built on Jul 21 2021 16:23:49 by "" with unknown MS VC++:1916

END.
